2021-04-19 09:06:22,400 LEVEL-TRACE Thread-[main]  Method-initialize()   Class name-com.refinitiv.ema.access.OmmBaseImpl   Message-loggerMsg
    ClientName: Consumer_1_1
    Severity: Trace
    Text:    Print out active configuration detail.
	 itemCountHint: 100000
	 serviceCountHint: 513
	 requestTimeout: 15000
	 dispatchTimeoutApiThread: 0
	 maxDispatchCountApiThread: 100
	 maxDispatchCountUserThread: 100
	 userDispatch: 1
	 configuredName: Consumer_1
	 instanceName: Consumer_1_1
	 xmlTraceEnable: false
	 defaultConverterServiceId: 1
	 jsonExpandedEnumFields: false
	 catchUnknownJsonKeys: false
	 catchUnknownJsonFids: true
	 closeChannelFromFailure: true
	 globalConfig.reactorChannelEventPoolLimit: -1
	 globalConfig.reactorMsgEventPoolLimit: -1
	 globalConfig.workerEventPoolLimit: -1
	 globalConfig.tunnelStreamMsgEventPoolLimit: -1
	 globalConfig.tunnelStreamStatusEventPoolLimit: -1
	 obeyOpenWindow: 1
	 postAckTimeout: 15000
	 maxOutstandingPosts: 100000
	 userDispatch: 1
	 reconnectAttemptLimit: -1
	 reconnectMinDelay: 1000
	 reconnectMaxDelay: 5000
	 msgKeyInUpdates: true
	 directoryRequestTimeOut: 45000
	 dictionaryRequestTimeOut: 45000
	 reissueTokenAttemptLimit: -1
	 reissueTokenAttemptInterval: 5000
	 restRequestTimeOut: 45000
	 tokenReissueRatio: 0.8
	 loginRequestTimeOut: 45000
	 wsProtocols: rssl.json.v2, rssl.rwf, tr_json2
	 wsMaxMsgSize: 61440
	 maxFragmentSize: 6144
loggerMsgEnd


2021-04-19 09:06:22,403 LEVEL-TRACE Thread-[main]  Method-initialize()   Class name-com.refinitiv.ema.access.OmmBaseImpl   Message-loggerMsg
    ClientName: Consumer_1_1
    Severity: Trace
    Text:    Successfully open Selector.
loggerMsgEnd


2021-04-19 09:06:22,423 LEVEL-TRACE Thread-[main]  Method-initialize()   Class name-com.refinitiv.ema.access.OmmBaseImpl   Message-loggerMsg
    ClientName: Consumer_1_1
    Severity: Trace
    Text:    Successfully created Reactor.
loggerMsgEnd


2021-04-19 09:06:22,426 LEVEL-TRACE Thread-[main]  Method-<init>()   Class name-com.refinitiv.ema.access.CallbackClient   Message-loggerMsg
    ClientName: LoginCallbackClient
    Severity: Trace
    Text:    Created LoginCallbackClient
loggerMsgEnd


2021-04-19 09:06:22,427 LEVEL-TRACE Thread-[main]  Method-initialize()   Class name-com.refinitiv.ema.access.LoginCallbackClient   Message-loggerMsg
    ClientName: LoginCallbackClient
    Severity: Trace
    Text:    RDMLogin request message was populated with this info: 
	LoginRequest: 
	streamId: 1
	userName: user
	streaming: true
	nameType: 1
	applicationId: 256
	applicationName: ema
	position: 172.22.0.3/daa6198918e0

loggerMsgEnd


2021-04-19 09:06:22,428 LEVEL-TRACE Thread-[main]  Method-<init>()   Class name-com.refinitiv.ema.access.CallbackClient   Message-loggerMsg
    ClientName: DictionaryCallbackClient
    Severity: Trace
    Text:    Created DictionaryCallbackClient
loggerMsgEnd


2021-04-19 09:06:22,524 LEVEL-TRACE Thread-[main]  Method-loadDictionaryFromFile()   Class name-com.refinitiv.ema.access.DictionaryCallbackClient   Message-loggerMsg
    ClientName: DictionaryCallbackClient
    Severity: Trace
    Text:    Successfully loaded local dictionaries: 
	RDMFieldDictionary file named ./etc/RDMFieldDictionary
	EnumTypeDef file named ./etc/enumtype.def
loggerMsgEnd


2021-04-19 09:06:22,525 LEVEL-TRACE Thread-[main]  Method-<init>()   Class name-com.refinitiv.ema.access.CallbackClient   Message-loggerMsg
    ClientName: DirectoryCallbackClient
    Severity: Trace
    Text:    Created DirectoryCallbackClient
loggerMsgEnd


2021-04-19 09:06:22,526 LEVEL-TRACE Thread-[main]  Method-initialize()   Class name-com.refinitiv.ema.access.DirectoryCallbackClient   Message-loggerMsg
    ClientName: DirectoryCallbackClient
    Severity: Trace
    Text:    RDMDirectoryRequest message was populated with Filter(s)
	RDM_DIRECTORY_SERVICE_INFO_FILTER
	RDM_DIRECTORY_SERVICE_STATE_FILTER
	RDM_DIRECTORY_SERVICE_GROUP_FILTER
	RDM_DIRECTORY_SERVICE_LOAD_FILTER
	RDM_DIRECTORY_SERVICE_DATA_FILTER
	RDM_DIRECTORY_SERVICE_LINK_FILTER
	requesting all services
loggerMsgEnd


2021-04-19 09:06:22,528 LEVEL-TRACE Thread-[main]  Method-<init>()   Class name-com.refinitiv.ema.access.CallbackClient   Message-loggerMsg
    ClientName: ItemCallbackClient
    Severity: Trace
    Text:    Created ItemCallbackClient
loggerMsgEnd


2021-04-19 09:06:22,559 LEVEL-TRACE Thread-[main]  Method-<init>()   Class name-com.refinitiv.ema.access.ChannelCallbackClient   Message-loggerMsg
    ClientName: ChannelCallbackClient
    Severity: Trace
    Text:    Created ChannelCallbackClient
loggerMsgEnd


2021-04-19 09:06:22,561 LEVEL-TRACE Thread-[main]  Method-socketProxyConfiguration()   Class name-com.refinitiv.ema.access.ChannelCallbackClient   Message-loggerMsg
    ClientName: ChannelCallbackClient
    Severity: Trace
    Text:    Successfully set a tunneling 
	 Channel name Channel_1
	Instance Name Consumer_1_1
	with the following tunneling configurations:
	TunnelingInfo
			tunnelingType: None
			HTTPproxy: false
			HTTPproxyHostName: null
			HTTPproxyPort: 0
			objectName: 
			KeystoreType: JKS
			KeystoreFile: null
			KeystorePasswd: null
			SecurityProtocol: TLS
			SecurityProvider: SunJSSE
			KeyManagerAlgorithm: SunX509
			TrustManagerAlgorithm: PKIX

	CredentialsInfo
			HTTPproxyUsername: null
			HTTPproxyPasswd: null
			HTTPproxyDomain: null
			HTTPproxyLocalHostname: null
			HTTPproxyKRB5configFile: null
	
loggerMsgEnd


2021-04-19 09:06:22,562 LEVEL-TRACE Thread-[main]  Method-initializeReactor()   Class name-com.refinitiv.ema.access.ChannelCallbackClient   Message-loggerMsg
    ClientName: ChannelCallbackClient
    Severity: Trace
    Text:    Attempt to connect using 
	1] SOCKET
	Channel name Channel_1
	Instance Name Consumer_1_1
	RsslReactor @4dd02341
	InterfaceName 
	hostName provider
	port 14002
	CompressionType None
	tcpNodelay true
	reconnectAttemptLimit -1
	reconnectMinDelay 1000 msec
	reconnectMaxDelay 5000 msec
	guaranteedOutputBuffers 5000
	numInputBuffers 10
	sysRecvBufSize 0
	sysSendBufSize 0
	connectionPingTimeout 30000 msec
	initializationTimeout 5 sec
	
loggerMsgEnd


2021-04-19 09:06:22,573 LEVEL-TRACE Thread-[main]  Method-reactorChannelEventCallback()   Class name-com.refinitiv.ema.access.ChannelCallbackClient   Message-loggerMsg
    ClientName: ChannelCallbackClient
    Severity: Trace
    Text:    Received ChannelOpened on channel Channel_1
	Instance Name Consumer_1_1
loggerMsgEnd


2021-04-19 09:06:22,599 LEVEL-TRACE Thread-[main]  Method-initializeReactor()   Class name-com.refinitiv.ema.access.ChannelCallbackClient   Message-loggerMsg
    ClientName: ChannelCallbackClient
    Severity: Trace
    Text:    Successfully created a Reactor and Channel(s)
	 Channel name(s) 
	Instance Name Consumer_1_1
loggerMsgEnd


2021-04-19 09:06:23,526 LEVEL-INFO  Thread-[main]  Method-reactorChannelEventCallback()   Class name-com.refinitiv.ema.access.ChannelCallbackClient   Message-loggerMsg
    ClientName: ChannelCallbackClient
    Severity: Info
    Text:    Received ChannelUp event on channel Channel_1
	Instance Name Consumer_1_1
	Component Version ETA Java Edition|EMA Java Edition
loggerMsgEnd


2021-04-19 09:06:24,488 LEVEL-TRACE Thread-[main]  Method-rdmLoginMsgCallback()   Class name-com.refinitiv.ema.access.LoginCallbackClient   Message-loggerMsg
    ClientName: LoginCallbackClient
    Severity: Trace
    Text:    RDMLogin stream was open with refresh message
	LoginRefresh: 
	streamId: 1
	name: user
	nameType: 1
	State: Open/Ok/None - text: "Login accepted"
	isSolicited: true

	
loggerMsgEnd


2021-04-19 09:06:25,492 LEVEL-TRACE Thread-[main]  Method-rdmDirectoryMsgCallback()   Class name-com.refinitiv.ema.access.DirectoryCallbackClient   Message-loggerMsg
    ClientName: DirectoryCallbackClient
    Severity: Trace
    Text:    RDMDirectory stream state was open with refresh message 
	State: State: Open/Ok/None - text: "null"
loggerMsgEnd


2021-04-19 09:06:25,492 LEVEL-TRACE Thread-[main]  Method-reactorChannelEventCallback()   Class name-com.refinitiv.ema.access.ChannelCallbackClient   Message-loggerMsg
    ClientName: ChannelCallbackClient
    Severity: Trace
    Text:    Received ChannelReady event on channel Channel_1
	Instance Name Consumer_1_1
loggerMsgEnd


2021-04-19 09:06:25,495 LEVEL-TRACE Thread-[main]  Method-addToMap()   Class name-com.refinitiv.ema.access.ItemCallbackClient   Message-loggerMsg
    ClientName: ItemCallbackClient
    Severity: Trace
    Text:    Added Item 1 of StreamId 5 to item map
	Instance name Consumer_1_1
loggerMsgEnd


2021-04-19 09:08:05,302 LEVEL-TRACE Thread-[main]  Method-initialize()   Class name-com.refinitiv.ema.access.OmmBaseImpl   Message-loggerMsg
    ClientName: Consumer_1_1
    Severity: Trace
    Text:    Print out active configuration detail.
	 itemCountHint: 100000
	 serviceCountHint: 513
	 requestTimeout: 15000
	 dispatchTimeoutApiThread: 0
	 maxDispatchCountApiThread: 100
	 maxDispatchCountUserThread: 100
	 userDispatch: 1
	 configuredName: Consumer_1
	 instanceName: Consumer_1_1
	 xmlTraceEnable: false
	 defaultConverterServiceId: 1
	 jsonExpandedEnumFields: false
	 catchUnknownJsonKeys: false
	 catchUnknownJsonFids: true
	 closeChannelFromFailure: true
	 globalConfig.reactorChannelEventPoolLimit: -1
	 globalConfig.reactorMsgEventPoolLimit: -1
	 globalConfig.workerEventPoolLimit: -1
	 globalConfig.tunnelStreamMsgEventPoolLimit: -1
	 globalConfig.tunnelStreamStatusEventPoolLimit: -1
	 obeyOpenWindow: 1
	 postAckTimeout: 15000
	 maxOutstandingPosts: 100000
	 userDispatch: 1
	 reconnectAttemptLimit: -1
	 reconnectMinDelay: 1000
	 reconnectMaxDelay: 5000
	 msgKeyInUpdates: true
	 directoryRequestTimeOut: 45000
	 dictionaryRequestTimeOut: 45000
	 reissueTokenAttemptLimit: -1
	 reissueTokenAttemptInterval: 5000
	 restRequestTimeOut: 45000
	 tokenReissueRatio: 0.8
	 loginRequestTimeOut: 45000
	 wsProtocols: rssl.json.v2, rssl.rwf, tr_json2
	 wsMaxMsgSize: 61440
	 maxFragmentSize: 6144
loggerMsgEnd


2021-04-19 09:08:05,304 LEVEL-TRACE Thread-[main]  Method-initialize()   Class name-com.refinitiv.ema.access.OmmBaseImpl   Message-loggerMsg
    ClientName: Consumer_1_1
    Severity: Trace
    Text:    Successfully open Selector.
loggerMsgEnd


2021-04-19 09:08:05,321 LEVEL-TRACE Thread-[main]  Method-initialize()   Class name-com.refinitiv.ema.access.OmmBaseImpl   Message-loggerMsg
    ClientName: Consumer_1_1
    Severity: Trace
    Text:    Successfully created Reactor.
loggerMsgEnd


2021-04-19 09:08:05,324 LEVEL-TRACE Thread-[main]  Method-<init>()   Class name-com.refinitiv.ema.access.CallbackClient   Message-loggerMsg
    ClientName: LoginCallbackClient
    Severity: Trace
    Text:    Created LoginCallbackClient
loggerMsgEnd


2021-04-19 09:08:05,325 LEVEL-TRACE Thread-[main]  Method-initialize()   Class name-com.refinitiv.ema.access.LoginCallbackClient   Message-loggerMsg
    ClientName: LoginCallbackClient
    Severity: Trace
    Text:    RDMLogin request message was populated with this info: 
	LoginRequest: 
	streamId: 1
	userName: user
	streaming: true
	nameType: 1
	applicationId: 256
	applicationName: ema
	position: 172.22.0.3/daa6198918e0

loggerMsgEnd


2021-04-19 09:08:05,326 LEVEL-TRACE Thread-[main]  Method-<init>()   Class name-com.refinitiv.ema.access.CallbackClient   Message-loggerMsg
    ClientName: DictionaryCallbackClient
    Severity: Trace
    Text:    Created DictionaryCallbackClient
loggerMsgEnd


2021-04-19 09:08:05,411 LEVEL-TRACE Thread-[main]  Method-loadDictionaryFromFile()   Class name-com.refinitiv.ema.access.DictionaryCallbackClient   Message-loggerMsg
    ClientName: DictionaryCallbackClient
    Severity: Trace
    Text:    Successfully loaded local dictionaries: 
	RDMFieldDictionary file named ./etc/RDMFieldDictionary
	EnumTypeDef file named ./etc/enumtype.def
loggerMsgEnd


2021-04-19 09:08:05,412 LEVEL-TRACE Thread-[main]  Method-<init>()   Class name-com.refinitiv.ema.access.CallbackClient   Message-loggerMsg
    ClientName: DirectoryCallbackClient
    Severity: Trace
    Text:    Created DirectoryCallbackClient
loggerMsgEnd


2021-04-19 09:08:05,413 LEVEL-TRACE Thread-[main]  Method-initialize()   Class name-com.refinitiv.ema.access.DirectoryCallbackClient   Message-loggerMsg
    ClientName: DirectoryCallbackClient
    Severity: Trace
    Text:    RDMDirectoryRequest message was populated with Filter(s)
	RDM_DIRECTORY_SERVICE_INFO_FILTER
	RDM_DIRECTORY_SERVICE_STATE_FILTER
	RDM_DIRECTORY_SERVICE_GROUP_FILTER
	RDM_DIRECTORY_SERVICE_LOAD_FILTER
	RDM_DIRECTORY_SERVICE_DATA_FILTER
	RDM_DIRECTORY_SERVICE_LINK_FILTER
	requesting all services
loggerMsgEnd


2021-04-19 09:08:05,415 LEVEL-TRACE Thread-[main]  Method-<init>()   Class name-com.refinitiv.ema.access.CallbackClient   Message-loggerMsg
    ClientName: ItemCallbackClient
    Severity: Trace
    Text:    Created ItemCallbackClient
loggerMsgEnd


2021-04-19 09:08:05,444 LEVEL-TRACE Thread-[main]  Method-<init>()   Class name-com.refinitiv.ema.access.ChannelCallbackClient   Message-loggerMsg
    ClientName: ChannelCallbackClient
    Severity: Trace
    Text:    Created ChannelCallbackClient
loggerMsgEnd


2021-04-19 09:08:05,445 LEVEL-TRACE Thread-[main]  Method-socketProxyConfiguration()   Class name-com.refinitiv.ema.access.ChannelCallbackClient   Message-loggerMsg
    ClientName: ChannelCallbackClient
    Severity: Trace
    Text:    Successfully set a tunneling 
	 Channel name Channel_1
	Instance Name Consumer_1_1
	with the following tunneling configurations:
	TunnelingInfo
			tunnelingType: None
			HTTPproxy: false
			HTTPproxyHostName: null
			HTTPproxyPort: 0
			objectName: 
			KeystoreType: JKS
			KeystoreFile: null
			KeystorePasswd: null
			SecurityProtocol: TLS
			SecurityProvider: SunJSSE
			KeyManagerAlgorithm: SunX509
			TrustManagerAlgorithm: PKIX

	CredentialsInfo
			HTTPproxyUsername: null
			HTTPproxyPasswd: null
			HTTPproxyDomain: null
			HTTPproxyLocalHostname: null
			HTTPproxyKRB5configFile: null
	
loggerMsgEnd


2021-04-19 09:08:05,446 LEVEL-TRACE Thread-[main]  Method-initializeReactor()   Class name-com.refinitiv.ema.access.ChannelCallbackClient   Message-loggerMsg
    ClientName: ChannelCallbackClient
    Severity: Trace
    Text:    Attempt to connect using 
	1] SOCKET
	Channel name Channel_1
	Instance Name Consumer_1_1
	RsslReactor @6bbe2511
	InterfaceName 
	hostName provider
	port 14002
	CompressionType None
	tcpNodelay true
	reconnectAttemptLimit -1
	reconnectMinDelay 1000 msec
	reconnectMaxDelay 5000 msec
	guaranteedOutputBuffers 5000
	numInputBuffers 10
	sysRecvBufSize 0
	sysSendBufSize 0
	connectionPingTimeout 30000 msec
	initializationTimeout 5 sec
	
loggerMsgEnd


2021-04-19 09:08:05,457 LEVEL-TRACE Thread-[main]  Method-reactorChannelEventCallback()   Class name-com.refinitiv.ema.access.ChannelCallbackClient   Message-loggerMsg
    ClientName: ChannelCallbackClient
    Severity: Trace
    Text:    Received ChannelOpened on channel Channel_1
	Instance Name Consumer_1_1
loggerMsgEnd


2021-04-19 09:08:05,480 LEVEL-TRACE Thread-[main]  Method-initializeReactor()   Class name-com.refinitiv.ema.access.ChannelCallbackClient   Message-loggerMsg
    ClientName: ChannelCallbackClient
    Severity: Trace
    Text:    Successfully created a Reactor and Channel(s)
	 Channel name(s) 
	Instance Name Consumer_1_1
loggerMsgEnd


2021-04-19 09:08:06,362 LEVEL-INFO  Thread-[main]  Method-reactorChannelEventCallback()   Class name-com.refinitiv.ema.access.ChannelCallbackClient   Message-loggerMsg
    ClientName: ChannelCallbackClient
    Severity: Info
    Text:    Received ChannelUp event on channel Channel_1
	Instance Name Consumer_1_1
	Component Version ETA Java Edition|EMA Java Edition
loggerMsgEnd


2021-04-19 09:08:07,314 LEVEL-TRACE Thread-[main]  Method-rdmLoginMsgCallback()   Class name-com.refinitiv.ema.access.LoginCallbackClient   Message-loggerMsg
    ClientName: LoginCallbackClient
    Severity: Trace
    Text:    RDMLogin stream was open with refresh message
	LoginRefresh: 
	streamId: 1
	name: user
	nameType: 1
	State: Open/Ok/None - text: "Login accepted"
	isSolicited: true

	
loggerMsgEnd


2021-04-19 09:08:08,329 LEVEL-TRACE Thread-[main]  Method-rdmDirectoryMsgCallback()   Class name-com.refinitiv.ema.access.DirectoryCallbackClient   Message-loggerMsg
    ClientName: DirectoryCallbackClient
    Severity: Trace
    Text:    RDMDirectory stream state was open with refresh message 
	State: State: Open/Ok/None - text: "null"
loggerMsgEnd


2021-04-19 09:08:08,330 LEVEL-TRACE Thread-[main]  Method-reactorChannelEventCallback()   Class name-com.refinitiv.ema.access.ChannelCallbackClient   Message-loggerMsg
    ClientName: ChannelCallbackClient
    Severity: Trace
    Text:    Received ChannelReady event on channel Channel_1
	Instance Name Consumer_1_1
loggerMsgEnd


2021-04-19 09:08:08,333 LEVEL-TRACE Thread-[main]  Method-addToMap()   Class name-com.refinitiv.ema.access.ItemCallbackClient   Message-loggerMsg
    ClientName: ItemCallbackClient
    Severity: Trace
    Text:    Added Item 1 of StreamId 5 to item map
	Instance name Consumer_1_1
loggerMsgEnd


